<?xml version="1.0" encoding="UTF-8" ?>
<testsuite failures="0" time="4.456" errors="0" skipped="0" tests="9" name="TestSuite">
  <properties>
    <property name="java.runtime.name" value="Java(TM) SE Runtime Environment"/>
    <property name="sun.boot.library.path" value="C:\Program Files\Java\jdk1.6.0_45\jre\bin"/>
    <property name="java.vm.version" value="20.45-b01"/>
    <property name="java.vm.vendor" value="Sun Microsystems Inc."/>
    <property name="java.vendor.url" value="http://java.sun.com/"/>
    <property name="path.separator" value=";"/>
    <property name="guice.disable.misplaced.annotation.check" value="true"/>
    <property name="java.vm.name" value="Java HotSpot(TM) 64-Bit Server VM"/>
    <property name="file.encoding.pkg" value="sun.io"/>
    <property name="user.country" value="US"/>
    <property name="sun.java.launcher" value="SUN_STANDARD"/>
    <property name="sun.os.patch.level" value="Service Pack 1"/>
    <property name="java.vm.specification.name" value="Java Virtual Machine Specification"/>
    <property name="user.dir" value="C:\Users\abhayb\.jenkins\jobs\A1\workspace"/>
    <property name="java.runtime.version" value="1.6.0_45-b06"/>
    <property name="java.awt.graphicsenv" value="sun.awt.Win32GraphicsEnvironment"/>
    <property name="java.endorsed.dirs" value="C:\Program Files\Java\jdk1.6.0_45\jre\lib\endorsed"/>
    <property name="os.arch" value="amd64"/>
    <property name="java.io.tmpdir" value="C:\Users\abhayb\AppData\Local\Temp\"/>
    <property name="line.separator" value="
"/>
    <property name="java.vm.specification.vendor" value="Sun Microsystems Inc."/>
    <property name="user.variant" value=""/>
    <property name="os.name" value="Windows 7"/>
    <property name="classworlds.conf" value="D:\SDG\SDG-Public\apache-maven-3.2.1-bin\apache-maven-3.2.1\bin\m2.conf"/>
    <property name="sun.jnu.encoding" value="Cp1252"/>
    <property name="java.library.path" value="C:\Program Files\Java\jdk1.6.0_45\bin;C:\Windows\Sun\Java\bin;C:\Windows\system32;C:\Windows;D:\SDG\SDG-Public\apache-maven-3.2.1-bin\apache-maven-3.2.1/bin;C:\Program Files\Broadcom\Broadcom 802.11 Network Adapter\Driver;C:\Windows\system32;C:\Windows;C:\Windows\System32\Wbem;C:\Windows\System32\WindowsPowerShell\v1.0\;C:\Program Files (x86)\OpenSSH\bin;C:\Program Files\TortoiseSVN\bin;D:\adt-bundle-windows-x86-20131030\adt-bundle-windows-x86-20131030\sdk;D:\adt-bundle-windows-x86-20131030\adt-bundle-windows-x86-20131030\sdk\platform-tools;D:\adt-bundle-windows-x86-20131030\adt-bundle-windows-x86-20131030\sdk\tools;D:\SDG\SDG-Public\Maven\bin;%JAVA_HOME%\bin;C:\Program Files (x86)\Groovy\Groovy-2.3.6\bin;."/>
    <property name="java.specification.name" value="Java Platform API Specification"/>
    <property name="java.class.version" value="50.0"/>
    <property name="sun.management.compiler" value="HotSpot 64-Bit Tiered Compilers"/>
    <property name="maven.repo.local" value="C:\Users\abhayb\.jenkins\jobs\A1\workspace\.repository"/>
    <property name="os.version" value="6.1"/>
    <property name="user.home" value="C:\Users\abhayb"/>
    <property name="user.timezone" value="Asia/Calcutta"/>
    <property name="java.awt.printerjob" value="sun.awt.windows.WPrinterJob"/>
    <property name="java.specification.version" value="1.6"/>
    <property name="file.encoding" value="Cp1252"/>
    <property name="user.name" value="AbhayB"/>
    <property name="java.class.path" value="D:\SDG\SDG-Public\apache-maven-3.2.1-bin\apache-maven-3.2.1\boot\plexus-classworlds-2.5.1.jar"/>
    <property name="org.slf4j.simpleLogger.defaultLogLevel" value="info"/>
    <property name="java.vm.specification.version" value="1.0"/>
    <property name="sun.arch.data.model" value="64"/>
    <property name="java.home" value="C:\Program Files\Java\jdk1.6.0_45\jre"/>
    <property name="sun.java.command" value="org.codehaus.plexus.classworlds.launcher.Launcher -f D:\SDG\Employee-Personal\AutomationKit\pom.xml -Dmaven.repo.local=C:\Users\abhayb\.jenkins\jobs\A1\workspace\.repository clean package"/>
    <property name="java.specification.vendor" value="Sun Microsystems Inc."/>
    <property name="user.language" value="en"/>
    <property name="awt.toolkit" value="sun.awt.windows.WToolkit"/>
    <property name="java.vm.info" value="mixed mode"/>
    <property name="java.version" value="1.6.0_45"/>
    <property name="java.ext.dirs" value="C:\Program Files\Java\jdk1.6.0_45\jre\lib\ext;C:\Windows\Sun\Java\lib\ext"/>
    <property name="sun.boot.class.path" value="C:\Program Files\Java\jdk1.6.0_45\jre\lib\resources.jar;C:\Program Files\Java\jdk1.6.0_45\jre\lib\rt.jar;C:\Program Files\Java\jdk1.6.0_45\jre\lib\sunrsasign.jar;C:\Program Files\Java\jdk1.6.0_45\jre\lib\jsse.jar;C:\Program Files\Java\jdk1.6.0_45\jre\lib\jce.jar;C:\Program Files\Java\jdk1.6.0_45\jre\lib\charsets.jar;C:\Program Files\Java\jdk1.6.0_45\jre\lib\modules\jdk.boot.jar;C:\Program Files\Java\jdk1.6.0_45\jre\classes"/>
    <property name="java.vendor" value="Sun Microsystems Inc."/>
    <property name="maven.home" value="D:\SDG\SDG-Public\apache-maven-3.2.1-bin\apache-maven-3.2.1"/>
    <property name="file.separator" value="\"/>
    <property name="java.vendor.url.bug" value="http://java.sun.com/cgi-bin/bugreport.cgi"/>
    <property name="sun.cpu.endian" value="little"/>
    <property name="sun.io.unicode.encoding" value="UnicodeLittle"/>
    <property name="sun.desktop" value="windows"/>
    <property name="sun.cpu.isalist" value="amd64"/>
  </properties>
  <testcase time="0.536" classname="com.rediff.testcases.LoginTest" name="blankUserNameBlankPasswordLoginTest"/>
  <testcase time="0.513" classname="com.rediff.testcases.LoginTest" name="blankUserNameRightPasswordLoginTest"/>
  <testcase time="0.319" classname="com.rediff.testcases.LoginTest" name="blankUserNameWrongPasswordLoginTest"/>
  <testcase time="0.415" classname="com.rediff.testcases.LoginTest" name="rightUserNameBlankPasswordLoginTest"/>
  <testcase time="0.344" classname="com.rediff.testcases.LoginTest" name="rightUserNameWrongPasswordLoginTest"/>
  <testcase time="0.536" classname="com.rediff.testcases.LoginTest" name="sucessfullLoginTest"/>
  <testcase time="0.33" classname="com.rediff.testcases.LoginTest" name="wrongUserNameBlankPasswordLoginTest"/>
  <testcase time="0.432" classname="com.rediff.testcases.LoginTest" name="wrongUserNameRightPasswordLoginTest"/>
  <testcase time="1.031" classname="com.rediff.testcases.LoginTest" name="wrongUserNameWrongPasswordLoginTest"/>
</testsuite>