<?xml version="1.0" encoding="UTF-8"?>
<!-- Generated by org.testng.reporters.JUnitReportReporter -->
<testsuite hostname="SDGL691" name="GridTest.QuickTestWinFF" tests="1" failures="0" timestamp="11 Sep 2014 14:34:09 GMT" time="52.499" errors="0">
  <testcase name="windowsTest" time="52.499" classname="GridTest.QuickTestWinFF"/>
</testsuite> <!-- GridTest.QuickTestWinFF -->
