<?xml version="1.0" encoding="UTF-8"?>
<!-- Generated by org.testng.reporters.JUnitReportReporter -->
<testsuite hostname="SDGL691" name="com.testcases.Selenium2ExampleST" tests="2" failures="0" timestamp="11 Sep 2014 16:50:57 GMT" time="16.423" errors="0">
  <testcase name="googleCheeseExample" time="6.839" classname="com.testcases.Selenium2ExampleST"/>
  <testcase name="googleMilkExample" time="9.584" classname="com.testcases.Selenium2ExampleST"/>
</testsuite> <!-- com.testcases.Selenium2ExampleST -->
