<?xml version="1.0" encoding="UTF-8"?>
<!-- Generated by org.testng.reporters.JUnitReportReporter -->
<testsuite hostname="SDGL691" name="com.rediff.testcases.LoginTest" tests="9" failures="0" timestamp="24 Sep 2014 07:54:01 GMT" time="33.064" errors="0">
  <testcase name="rightUserNameBlankPasswordLoginTest" time="5.257" classname="com.rediff.testcases.LoginTest"/>
  <testcase name="rightUserNameWrongPasswordLoginTest" time="3.413" classname="com.rediff.testcases.LoginTest"/>
  <testcase name="blankUserNameBlankPasswordLoginTest" time="3.785" classname="com.rediff.testcases.LoginTest"/>
  <testcase name="wrongUserNameWrongPasswordLoginTest" time="1.635" classname="com.rediff.testcases.LoginTest"/>
  <testcase name="blankUserNameRightPasswordLoginTest" time="3.938" classname="com.rediff.testcases.LoginTest"/>
  <testcase name="sucessfullLoginTest" time="3.289" classname="com.rediff.testcases.LoginTest"/>
  <testcase name="blankUserNameWrongPasswordLoginTest" time="3.526" classname="com.rediff.testcases.LoginTest"/>
  <testcase name="wrongUserNameRightPasswordLoginTest" time="5.134" classname="com.rediff.testcases.LoginTest"/>
  <testcase name="wrongUserNameBlankPasswordLoginTest" time="3.087" classname="com.rediff.testcases.LoginTest"/>
</testsuite> <!-- com.rediff.testcases.LoginTest -->
