<?xml version="1.0" encoding="UTF-8"?>
<!-- Generated by org.testng.reporters.JUnitReportReporter -->
<testsuite hostname="SDGL691" name="com.rediff.testcases.LoginTest" tests="8" failures="0" timestamp="14 Nov 2014 11:34:06 GMT" time="35.086" errors="0">
  <testcase name="blankUserNameWrongPasswordLoginTest" time="6.132" classname="com.rediff.testcases.LoginTest"/>
  <testcase name="blankUserNameRightPasswordLoginTest" time="3.379" classname="com.rediff.testcases.LoginTest"/>
  <testcase name="wrongUserNameRightPasswordLoginTest" time="4.634" classname="com.rediff.testcases.LoginTest"/>
  <testcase name="rightUserNameBlankPasswordLoginTest" time="3.404" classname="com.rediff.testcases.LoginTest"/>
  <testcase name="wrongUserNameWrongPasswordLoginTest" time="6.127" classname="com.rediff.testcases.LoginTest"/>
  <testcase name="rightUserNameWrongPasswordLoginTest" time="3.399" classname="com.rediff.testcases.LoginTest"/>
  <testcase name="wrongUserNameBlankPasswordLoginTest" time="4.194" classname="com.rediff.testcases.LoginTest"/>
  <testcase name="sucessfullLoginTest" time="3.817" classname="com.rediff.testcases.LoginTest"/>
</testsuite> <!-- com.rediff.testcases.LoginTest -->
