<?xml version="1.0" encoding="UTF-8"?>
<!-- Generated by org.testng.reporters.JUnitReportReporter -->
<testsuite hostname="SDGL691" name="com.rediff.testcases.HomePageTest" tests="1" failures="1" timestamp="14 Nov 2014 06:20:49 GMT" time="0.004" errors="0">
  <testcase name="verifyBrokenLink" time="0.004" classname="com.rediff.testcases.HomePageTest">
    <failure type="com.framework.exception.MyException" message="TestBase -&gt; embedScreenShotIntoReport() - null">
      <![CDATA[com.framework.exception.MyException: TestBase -> embedScreenShotIntoReport() - null
	at com.framework.report.CaptureBrowserScreenShot.embedScreenShotIntoReport(CaptureBrowserScreenShot.java:88)
	at com.framework.testtemplate.TestBase.TearDown(TestBase.java:202)
	at sun.reflect.NativeMethodAccessorImpl.invoke0(Native Method)
	at sun.reflect.NativeMethodAccessorImpl.invoke(Unknown Source)
	at sun.reflect.DelegatingMethodAccessorImpl.invoke(Unknown Source)
	at java.lang.reflect.Method.invoke(Unknown Source)
	at org.testng.internal.MethodInvocationHelper.invokeMethod(MethodInvocationHelper.java:84)
	at org.testng.internal.Invoker.invokeConfigurationMethod(Invoker.java:564)
	at org.testng.internal.Invoker.invokeConfigurations(Invoker.java:213)
	at org.testng.internal.Invoker.invokeMethod(Invoker.java:786)
	at org.testng.internal.Invoker.invokeTestMethod(Invoker.java:901)
	at org.testng.internal.Invoker.invokeTestMethods(Invoker.java:1231)
	at org.testng.internal.TestMethodWorker.invokeTestMethods(TestMethodWorker.java:127)
	at org.testng.internal.TestMethodWorker.run(TestMethodWorker.java:111)
	at java.util.concurrent.ThreadPoolExecutor.runWorker(Unknown Source)
	at java.util.concurrent.ThreadPoolExecutor$Worker.run(Unknown Source)
	at java.lang.Thread.run(Unknown Source)
]]>
    </failure>
  </testcase> <!-- verifyBrokenLink -->
</testsuite> <!-- com.rediff.testcases.HomePageTest -->
