<?xml version="1.0" encoding="UTF-8"?>
<!-- Generated by org.testng.reporters.JUnitReportReporter -->
<testsuite hostname="SDGL691" name="com.rediff.testcases.HomePageTest" tests="1" failures="1" timestamp="30 Sep 2014 11:57:30 GMT" time="203.890" errors="0">
  <testcase name="verifyBrokenLink" time="203.890" classname="com.rediff.testcases.HomePageTest">
    <failure type="com.exception.MyException" message="MalformedURLException Error : java.net.MalformedURLException: unknown protocol: javascript , javascript:hideDiv1(&#039;trans_div&#039;);hideDiv1(&#039;div_mailsignin_ad&#039;);hideDiv1(&#039;frame_ad_hm_maillogin&#039;);">
      <![CDATA[com.exception.MyException: MalformedURLException Error : java.net.MalformedURLException: unknown protocol: javascript , javascript:hideDiv1('trans_div');hideDiv1('div_mailsignin_ad');hideDiv1('frame_ad_hm_maillogin');
	at com.actions.WebAction.getResponseCode(WebAction.java:333)
	at com.actions.WebAction.isLinkBroken(WebAction.java:378)
	at com.rediff.pages.HomePage.CheckHyperLinkOnPage(HomePage.java:57)
	at com.rediff.testcases.HomePageTest.verifyBrokenLink(HomePageTest.java:46)
	at sun.reflect.NativeMethodAccessorImpl.invoke0(Native Method)
	at sun.reflect.NativeMethodAccessorImpl.invoke(Unknown Source)
	at sun.reflect.DelegatingMethodAccessorImpl.invoke(Unknown Source)
	at java.lang.reflect.Method.invoke(Unknown Source)
	at org.testng.internal.MethodInvocationHelper.invokeMethod(MethodInvocationHelper.java:84)
	at org.testng.internal.Invoker.invokeMethod(Invoker.java:714)
	at org.testng.internal.Invoker.invokeTestMethod(Invoker.java:901)
	at org.testng.internal.Invoker.invokeTestMethods(Invoker.java:1231)
	at org.testng.internal.TestMethodWorker.invokeTestMethods(TestMethodWorker.java:127)
	at org.testng.internal.TestMethodWorker.run(TestMethodWorker.java:111)
	at java.util.concurrent.ThreadPoolExecutor.runWorker(Unknown Source)
	at java.util.concurrent.ThreadPoolExecutor$Worker.run(Unknown Source)
	at java.lang.Thread.run(Unknown Source)
]]>
    </failure>
  </testcase> <!-- verifyBrokenLink -->
</testsuite> <!-- com.rediff.testcases.HomePageTest -->
