<?xml version="1.0" encoding="UTF-8"?>
<!-- Generated by org.testng.reporters.JUnitReportReporter -->
<testsuite hostname="SDGL691" name="com.testcases.Test2" tests="1" failures="0" timestamp="11 Sep 2014 16:50:57 GMT" time="10.215" errors="0">
  <testcase name="test2" time="10.215" classname="com.testcases.Test2"/>
</testsuite> <!-- com.testcases.Test2 -->
