<?xml version="1.0" encoding="UTF-8"?>
<!-- Generated by org.testng.reporters.JUnitReportReporter -->
<testsuite hostname="SDGL691" name="com.rediff.testcases.Test2" tests="1" failures="0" timestamp="17 Sep 2014 06:03:12 GMT" time="52.189" errors="0">
  <testcase name="test2" time="52.189" classname="com.rediff.testcases.Test2"/>
</testsuite> <!-- com.rediff.testcases.Test2 -->
