<?xml version="1.0" encoding="UTF-8"?>
<!-- Generated by org.testng.reporters.JUnitReportReporter -->
<testsuite hostname="SDGL691" name="com.testcases.Test1" tests="4" failures="0" timestamp="11 Sep 2014 16:50:57 GMT" time="12.394" errors="0">
  <testcase name="test1_4" time="1.356" classname="com.testcases.Test1"/>
  <testcase name="test1_3" time="1.707" classname="com.testcases.Test1"/>
  <testcase name="test1" time="7.278" classname="com.testcases.Test1"/>
  <testcase name="test1_2" time="2.053" classname="com.testcases.Test1"/>
</testsuite> <!-- com.testcases.Test1 -->
