<?xml version="1.0" encoding="UTF-8"?>
<!-- Generated by org.testng.reporters.JUnitReportReporter -->
<testsuite hostname="SDGL691" name="com.testcases.QuickTestLinFF" tests="1" failures="0" timestamp="11 Sep 2014 16:50:57 GMT" time="10.269" errors="0">
  <testcase name="linuxTest" time="10.269" classname="com.testcases.QuickTestLinFF"/>
</testsuite> <!-- com.testcases.QuickTestLinFF -->
