<?xml version="1.0" encoding="UTF-8"?>
<!-- Generated by org.testng.reporters.JUnitReportReporter -->
<testsuite hostname="SDGL691" name="com.testcases.QuickTestWinFF" tests="1" failures="0" timestamp="11 Sep 2014 16:50:57 GMT" time="13.894" errors="0">
  <testcase name="windowsTest" time="13.894" classname="com.testcases.QuickTestWinFF"/>
</testsuite> <!-- com.testcases.QuickTestWinFF -->
