<?xml version="1.0" encoding="UTF-8"?>
<!-- Generated by org.testng.reporters.JUnitReportReporter -->
<testsuite hostname="SDGL691" name="GridTest.Test4" tests="1" failures="0" timestamp="11 Sep 2014 14:34:09 GMT" time="15.269" errors="0">
  <testcase name="test4" time="15.269" classname="GridTest.Test4"/>
</testsuite> <!-- GridTest.Test4 -->
