<?xml version="1.0" encoding="UTF-8"?>
<!-- Generated by org.testng.reporters.JUnitReportReporter -->
<testsuite hostname="SDGL691" name="GridTest.Test3" tests="1" failures="0" timestamp="11 Sep 2014 14:34:09 GMT" time="12.484" errors="0">
  <testcase name="test3" time="12.484" classname="GridTest.Test3"/>
</testsuite> <!-- GridTest.Test3 -->
