<?xml version="1.0" encoding="UTF-8"?>
<!-- Generated by org.testng.reporters.JUnitReportReporter -->
<testsuite hostname="SDGL691" name="com.rediff.testcases.HomePageTest" tests="1" failures="1" timestamp="24 Sep 2014 12:56:07 GMT" time="108.550" errors="0">
  <testcase name="verifyBrokenLink" time="108.550" classname="com.rediff.testcases.HomePageTest">
    <failure type="com.exception.MyException" message="Exception Error : java.lang.RuntimeException: java.lang.IllegalArgumentException: protocol = http host = null , http://ads.rediff.com/5c/inrediffHP.com/mainhome.htm/2122306837/Right/default/empty.gif/793853506f3151697676494142473765">
      <![CDATA[com.exception.MyException: Exception Error : java.lang.RuntimeException: java.lang.IllegalArgumentException: protocol = http host = null , http://ads.rediff.com/5c/inrediffHP.com/mainhome.htm/2122306837/Right/default/empty.gif/793853506f3151697676494142473765
	at com.actions.WebAction.getResponseCode(WebAction.java:329)
	at com.actions.WebAction.isLinkBroken(WebAction.java:370)
	at com.rediff.pages.HomePage.CheckHyperLinkOnPage(HomePage.java:57)
	at com.rediff.testcases.HomePageTest.verifyBrokenLink(HomePageTest.java:29)
	at sun.reflect.NativeMethodAccessorImpl.invoke0(Native Method)
	at sun.reflect.NativeMethodAccessorImpl.invoke(Unknown Source)
	at sun.reflect.DelegatingMethodAccessorImpl.invoke(Unknown Source)
	at java.lang.reflect.Method.invoke(Unknown Source)
	at org.testng.internal.MethodInvocationHelper.invokeMethod(MethodInvocationHelper.java:84)
	at org.testng.internal.Invoker.invokeMethod(Invoker.java:714)
	at org.testng.internal.Invoker.invokeTestMethod(Invoker.java:901)
	at org.testng.internal.Invoker.invokeTestMethods(Invoker.java:1231)
	at org.testng.internal.TestMethodWorker.invokeTestMethods(TestMethodWorker.java:127)
	at org.testng.internal.TestMethodWorker.run(TestMethodWorker.java:111)
	at java.util.concurrent.ThreadPoolExecutor.runWorker(Unknown Source)
	at java.util.concurrent.ThreadPoolExecutor$Worker.run(Unknown Source)
	at java.lang.Thread.run(Unknown Source)
]]>
    </failure>
  </testcase> <!-- verifyBrokenLink -->
</testsuite> <!-- com.rediff.testcases.HomePageTest -->
