<?xml version="1.0" encoding="UTF-8"?>
<!-- Generated by org.testng.reporters.JUnitReportReporter -->
<testsuite hostname="SDGL691" name="com.rediff.testcases.QuickTestLinFF" tests="1" failures="0" timestamp="17 Sep 2014 15:54:33 GMT" time="17.600" errors="0">
  <testcase name="linuxTest" time="17.600" classname="com.rediff.testcases.QuickTestLinFF"/>
</testsuite> <!-- com.rediff.testcases.QuickTestLinFF -->
