<?xml version="1.0" encoding="UTF-8"?>
<!-- Generated by org.testng.reporters.JUnitReportReporter -->
<testsuite hostname="SDGL691" name="com.rediff.testcases.LoginTest" tests="9" failures="9" timestamp="14 Nov 2014 06:20:47 GMT" time="0.036" errors="0">
  <testcase name="rightUserNameBlankPasswordLoginTest" time="0.009" classname="com.rediff.testcases.LoginTest">
    <failure type="org.testng.TestNGException" message="
The data provider is trying to pass 1 parameters but the method com.rediff.testcases.LoginTest#rightUserNameBlankPasswordLoginTest takes 0">
      <![CDATA[org.testng.TestNGException: 
The data provider is trying to pass 1 parameters but the method com.rediff.testcases.LoginTest#rightUserNameBlankPasswordLoginTest takes 0
	at org.testng.internal.Invoker.injectParameters(Invoker.java:1337)
	at org.testng.internal.Invoker.invokeTestMethods(Invoker.java:1225)
	at org.testng.internal.TestMethodWorker.invokeTestMethods(TestMethodWorker.java:127)
	at org.testng.internal.TestMethodWorker.run(TestMethodWorker.java:111)
	at java.util.concurrent.ThreadPoolExecutor.runWorker(Unknown Source)
	at java.util.concurrent.ThreadPoolExecutor$Worker.run(Unknown Source)
	at java.lang.Thread.run(Unknown Source)
]]>
    </failure>
  </testcase> <!-- rightUserNameBlankPasswordLoginTest -->
  <testcase name="sucessfullLoginTest" time="0.002" classname="com.rediff.testcases.LoginTest">
    <failure type="com.framework.exception.MyException" message="TestBase -&gt; embedScreenShotIntoReport() - null">
      <![CDATA[com.framework.exception.MyException: TestBase -> embedScreenShotIntoReport() - null
	at com.framework.report.CaptureBrowserScreenShot.embedScreenShotIntoReport(CaptureBrowserScreenShot.java:88)
	at com.framework.testtemplate.TestBase.TearDown(TestBase.java:202)
	at sun.reflect.NativeMethodAccessorImpl.invoke0(Native Method)
	at sun.reflect.NativeMethodAccessorImpl.invoke(Unknown Source)
	at sun.reflect.DelegatingMethodAccessorImpl.invoke(Unknown Source)
	at java.lang.reflect.Method.invoke(Unknown Source)
	at org.testng.internal.MethodInvocationHelper.invokeMethod(MethodInvocationHelper.java:84)
	at org.testng.internal.Invoker.invokeConfigurationMethod(Invoker.java:564)
	at org.testng.internal.Invoker.invokeConfigurations(Invoker.java:213)
	at org.testng.internal.Invoker.invokeMethod(Invoker.java:786)
	at org.testng.internal.Invoker.invokeTestMethod(Invoker.java:901)
	at org.testng.internal.Invoker.invokeTestMethods(Invoker.java:1231)
	at org.testng.internal.TestMethodWorker.invokeTestMethods(TestMethodWorker.java:127)
	at org.testng.internal.TestMethodWorker.run(TestMethodWorker.java:111)
	at java.util.concurrent.ThreadPoolExecutor.runWorker(Unknown Source)
	at java.util.concurrent.ThreadPoolExecutor$Worker.run(Unknown Source)
	at java.lang.Thread.run(Unknown Source)
]]>
    </failure>
  </testcase> <!-- sucessfullLoginTest -->
  <testcase name="wrongUserNameRightPasswordLoginTest" time="0.002" classname="com.rediff.testcases.LoginTest">
    <failure type="com.framework.exception.MyException" message="TestBase -&gt; embedScreenShotIntoReport() - null">
      <![CDATA[com.framework.exception.MyException: TestBase -> embedScreenShotIntoReport() - null
	at com.framework.report.CaptureBrowserScreenShot.embedScreenShotIntoReport(CaptureBrowserScreenShot.java:88)
	at com.framework.testtemplate.TestBase.TearDown(TestBase.java:202)
	at sun.reflect.NativeMethodAccessorImpl.invoke0(Native Method)
	at sun.reflect.NativeMethodAccessorImpl.invoke(Unknown Source)
	at sun.reflect.DelegatingMethodAccessorImpl.invoke(Unknown Source)
	at java.lang.reflect.Method.invoke(Unknown Source)
	at org.testng.internal.MethodInvocationHelper.invokeMethod(MethodInvocationHelper.java:84)
	at org.testng.internal.Invoker.invokeConfigurationMethod(Invoker.java:564)
	at org.testng.internal.Invoker.invokeConfigurations(Invoker.java:213)
	at org.testng.internal.Invoker.invokeMethod(Invoker.java:786)
	at org.testng.internal.Invoker.invokeTestMethod(Invoker.java:901)
	at org.testng.internal.Invoker.invokeTestMethods(Invoker.java:1231)
	at org.testng.internal.TestMethodWorker.invokeTestMethods(TestMethodWorker.java:127)
	at org.testng.internal.TestMethodWorker.run(TestMethodWorker.java:111)
	at java.util.concurrent.ThreadPoolExecutor.runWorker(Unknown Source)
	at java.util.concurrent.ThreadPoolExecutor$Worker.run(Unknown Source)
	at java.lang.Thread.run(Unknown Source)
]]>
    </failure>
  </testcase> <!-- wrongUserNameRightPasswordLoginTest -->
  <testcase name="rightUserNameWrongPasswordLoginTest" time="0.002" classname="com.rediff.testcases.LoginTest">
    <failure type="com.framework.exception.MyException" message="TestBase -&gt; embedScreenShotIntoReport() - null">
      <![CDATA[com.framework.exception.MyException: TestBase -> embedScreenShotIntoReport() - null
	at com.framework.report.CaptureBrowserScreenShot.embedScreenShotIntoReport(CaptureBrowserScreenShot.java:88)
	at com.framework.testtemplate.TestBase.TearDown(TestBase.java:202)
	at sun.reflect.NativeMethodAccessorImpl.invoke0(Native Method)
	at sun.reflect.NativeMethodAccessorImpl.invoke(Unknown Source)
	at sun.reflect.DelegatingMethodAccessorImpl.invoke(Unknown Source)
	at java.lang.reflect.Method.invoke(Unknown Source)
	at org.testng.internal.MethodInvocationHelper.invokeMethod(MethodInvocationHelper.java:84)
	at org.testng.internal.Invoker.invokeConfigurationMethod(Invoker.java:564)
	at org.testng.internal.Invoker.invokeConfigurations(Invoker.java:213)
	at org.testng.internal.Invoker.invokeMethod(Invoker.java:786)
	at org.testng.internal.Invoker.invokeTestMethod(Invoker.java:901)
	at org.testng.internal.Invoker.invokeTestMethods(Invoker.java:1231)
	at org.testng.internal.TestMethodWorker.invokeTestMethods(TestMethodWorker.java:127)
	at org.testng.internal.TestMethodWorker.run(TestMethodWorker.java:111)
	at java.util.concurrent.ThreadPoolExecutor.runWorker(Unknown Source)
	at java.util.concurrent.ThreadPoolExecutor$Worker.run(Unknown Source)
	at java.lang.Thread.run(Unknown Source)
]]>
    </failure>
  </testcase> <!-- rightUserNameWrongPasswordLoginTest -->
  <testcase name="wrongUserNameBlankPasswordLoginTest" time="0.002" classname="com.rediff.testcases.LoginTest">
    <failure type="com.framework.exception.MyException" message="TestBase -&gt; embedScreenShotIntoReport() - null">
      <![CDATA[com.framework.exception.MyException: TestBase -> embedScreenShotIntoReport() - null
	at com.framework.report.CaptureBrowserScreenShot.embedScreenShotIntoReport(CaptureBrowserScreenShot.java:88)
	at com.framework.testtemplate.TestBase.TearDown(TestBase.java:202)
	at sun.reflect.NativeMethodAccessorImpl.invoke0(Native Method)
	at sun.reflect.NativeMethodAccessorImpl.invoke(Unknown Source)
	at sun.reflect.DelegatingMethodAccessorImpl.invoke(Unknown Source)
	at java.lang.reflect.Method.invoke(Unknown Source)
	at org.testng.internal.MethodInvocationHelper.invokeMethod(MethodInvocationHelper.java:84)
	at org.testng.internal.Invoker.invokeConfigurationMethod(Invoker.java:564)
	at org.testng.internal.Invoker.invokeConfigurations(Invoker.java:213)
	at org.testng.internal.Invoker.invokeMethod(Invoker.java:786)
	at org.testng.internal.Invoker.invokeTestMethod(Invoker.java:901)
	at org.testng.internal.Invoker.invokeTestMethods(Invoker.java:1231)
	at org.testng.internal.TestMethodWorker.invokeTestMethods(TestMethodWorker.java:127)
	at org.testng.internal.TestMethodWorker.run(TestMethodWorker.java:111)
	at java.util.concurrent.ThreadPoolExecutor.runWorker(Unknown Source)
	at java.util.concurrent.ThreadPoolExecutor$Worker.run(Unknown Source)
	at java.lang.Thread.run(Unknown Source)
]]>
    </failure>
  </testcase> <!-- wrongUserNameBlankPasswordLoginTest -->
  <testcase name="blankUserNameRightPasswordLoginTest" time="0.003" classname="com.rediff.testcases.LoginTest">
    <failure type="com.framework.exception.MyException" message="TestBase -&gt; embedScreenShotIntoReport() - null">
      <![CDATA[com.framework.exception.MyException: TestBase -> embedScreenShotIntoReport() - null
	at com.framework.report.CaptureBrowserScreenShot.embedScreenShotIntoReport(CaptureBrowserScreenShot.java:88)
	at com.framework.testtemplate.TestBase.TearDown(TestBase.java:202)
	at sun.reflect.NativeMethodAccessorImpl.invoke0(Native Method)
	at sun.reflect.NativeMethodAccessorImpl.invoke(Unknown Source)
	at sun.reflect.DelegatingMethodAccessorImpl.invoke(Unknown Source)
	at java.lang.reflect.Method.invoke(Unknown Source)
	at org.testng.internal.MethodInvocationHelper.invokeMethod(MethodInvocationHelper.java:84)
	at org.testng.internal.Invoker.invokeConfigurationMethod(Invoker.java:564)
	at org.testng.internal.Invoker.invokeConfigurations(Invoker.java:213)
	at org.testng.internal.Invoker.invokeMethod(Invoker.java:786)
	at org.testng.internal.Invoker.invokeTestMethod(Invoker.java:901)
	at org.testng.internal.Invoker.invokeTestMethods(Invoker.java:1231)
	at org.testng.internal.TestMethodWorker.invokeTestMethods(TestMethodWorker.java:127)
	at org.testng.internal.TestMethodWorker.run(TestMethodWorker.java:111)
	at java.util.concurrent.ThreadPoolExecutor.runWorker(Unknown Source)
	at java.util.concurrent.ThreadPoolExecutor$Worker.run(Unknown Source)
	at java.lang.Thread.run(Unknown Source)
]]>
    </failure>
  </testcase> <!-- blankUserNameRightPasswordLoginTest -->
  <testcase name="blankUserNameWrongPasswordLoginTest" time="0.004" classname="com.rediff.testcases.LoginTest">
    <failure type="com.framework.exception.MyException" message="TestBase -&gt; embedScreenShotIntoReport() - null">
      <![CDATA[com.framework.exception.MyException: TestBase -> embedScreenShotIntoReport() - null
	at com.framework.report.CaptureBrowserScreenShot.embedScreenShotIntoReport(CaptureBrowserScreenShot.java:88)
	at com.framework.testtemplate.TestBase.TearDown(TestBase.java:202)
	at sun.reflect.NativeMethodAccessorImpl.invoke0(Native Method)
	at sun.reflect.NativeMethodAccessorImpl.invoke(Unknown Source)
	at sun.reflect.DelegatingMethodAccessorImpl.invoke(Unknown Source)
	at java.lang.reflect.Method.invoke(Unknown Source)
	at org.testng.internal.MethodInvocationHelper.invokeMethod(MethodInvocationHelper.java:84)
	at org.testng.internal.Invoker.invokeConfigurationMethod(Invoker.java:564)
	at org.testng.internal.Invoker.invokeConfigurations(Invoker.java:213)
	at org.testng.internal.Invoker.invokeMethod(Invoker.java:786)
	at org.testng.internal.Invoker.invokeTestMethod(Invoker.java:901)
	at org.testng.internal.Invoker.invokeTestMethods(Invoker.java:1231)
	at org.testng.internal.TestMethodWorker.invokeTestMethods(TestMethodWorker.java:127)
	at org.testng.internal.TestMethodWorker.run(TestMethodWorker.java:111)
	at java.util.concurrent.ThreadPoolExecutor.runWorker(Unknown Source)
	at java.util.concurrent.ThreadPoolExecutor$Worker.run(Unknown Source)
	at java.lang.Thread.run(Unknown Source)
]]>
    </failure>
  </testcase> <!-- blankUserNameWrongPasswordLoginTest -->
  <testcase name="wrongUserNameWrongPasswordLoginTest" time="0.003" classname="com.rediff.testcases.LoginTest">
    <failure type="com.framework.exception.MyException" message="TestBase -&gt; embedScreenShotIntoReport() - null">
      <![CDATA[com.framework.exception.MyException: TestBase -> embedScreenShotIntoReport() - null
	at com.framework.report.CaptureBrowserScreenShot.embedScreenShotIntoReport(CaptureBrowserScreenShot.java:88)
	at com.framework.testtemplate.TestBase.TearDown(TestBase.java:202)
	at sun.reflect.NativeMethodAccessorImpl.invoke0(Native Method)
	at sun.reflect.NativeMethodAccessorImpl.invoke(Unknown Source)
	at sun.reflect.DelegatingMethodAccessorImpl.invoke(Unknown Source)
	at java.lang.reflect.Method.invoke(Unknown Source)
	at org.testng.internal.MethodInvocationHelper.invokeMethod(MethodInvocationHelper.java:84)
	at org.testng.internal.Invoker.invokeConfigurationMethod(Invoker.java:564)
	at org.testng.internal.Invoker.invokeConfigurations(Invoker.java:213)
	at org.testng.internal.Invoker.invokeMethod(Invoker.java:786)
	at org.testng.internal.Invoker.invokeTestMethod(Invoker.java:901)
	at org.testng.internal.Invoker.invokeTestMethods(Invoker.java:1231)
	at org.testng.internal.TestMethodWorker.invokeTestMethods(TestMethodWorker.java:127)
	at org.testng.internal.TestMethodWorker.run(TestMethodWorker.java:111)
	at java.util.concurrent.ThreadPoolExecutor.runWorker(Unknown Source)
	at java.util.concurrent.ThreadPoolExecutor$Worker.run(Unknown Source)
	at java.lang.Thread.run(Unknown Source)
]]>
    </failure>
  </testcase> <!-- wrongUserNameWrongPasswordLoginTest -->
  <testcase name="blankUserNameBlankPasswordLoginTest" time="0.009" classname="com.rediff.testcases.LoginTest">
    <failure type="com.framework.exception.MyException" message="TestBase -&gt; embedScreenShotIntoReport() - null">
      <![CDATA[com.framework.exception.MyException: TestBase -> embedScreenShotIntoReport() - null
	at com.framework.report.CaptureBrowserScreenShot.embedScreenShotIntoReport(CaptureBrowserScreenShot.java:88)
	at com.framework.testtemplate.TestBase.TearDown(TestBase.java:202)
	at sun.reflect.NativeMethodAccessorImpl.invoke0(Native Method)
	at sun.reflect.NativeMethodAccessorImpl.invoke(Unknown Source)
	at sun.reflect.DelegatingMethodAccessorImpl.invoke(Unknown Source)
	at java.lang.reflect.Method.invoke(Unknown Source)
	at org.testng.internal.MethodInvocationHelper.invokeMethod(MethodInvocationHelper.java:84)
	at org.testng.internal.Invoker.invokeConfigurationMethod(Invoker.java:564)
	at org.testng.internal.Invoker.invokeConfigurations(Invoker.java:213)
	at org.testng.internal.Invoker.invokeMethod(Invoker.java:786)
	at org.testng.internal.Invoker.invokeTestMethod(Invoker.java:901)
	at org.testng.internal.Invoker.invokeTestMethods(Invoker.java:1231)
	at org.testng.internal.TestMethodWorker.invokeTestMethods(TestMethodWorker.java:127)
	at org.testng.internal.TestMethodWorker.run(TestMethodWorker.java:111)
	at java.util.concurrent.ThreadPoolExecutor.runWorker(Unknown Source)
	at java.util.concurrent.ThreadPoolExecutor$Worker.run(Unknown Source)
	at java.lang.Thread.run(Unknown Source)
]]>
    </failure>
  </testcase> <!-- blankUserNameBlankPasswordLoginTest -->
</testsuite> <!-- com.rediff.testcases.LoginTest -->
