<?xml version="1.0" encoding="UTF-8"?>
<!-- Generated by org.testng.reporters.JUnitReportReporter -->
<testsuite hostname="SDGL691" name="GridTest.Test2" tests="1" failures="0" timestamp="11 Sep 2014 14:34:09 GMT" time="13.039" errors="0">
  <testcase name="test2" time="13.039" classname="GridTest.Test2"/>
</testsuite> <!-- GridTest.Test2 -->
