<?xml version="1.0" encoding="UTF-8"?>
<!-- Generated by org.testng.reporters.JUnitReportReporter -->
<testsuite hostname="SDGL691" name="com.rediff.testcases.Test4" tests="3" failures="0" timestamp="17 Sep 2014 12:51:28 GMT" time="70.251" errors="0">
  <testcase name="LoginTest" time="8.294" classname="com.rediff.testcases.Test4"/>
  <testcase name="LoginTest" time="33.872" classname="com.rediff.testcases.Test4"/>
  <testcase name="LoginTest" time="28.085" classname="com.rediff.testcases.Test4"/>
</testsuite> <!-- com.rediff.testcases.Test4 -->
