<?xml version="1.0" encoding="UTF-8"?>
<!-- Generated by org.testng.reporters.JUnitReportReporter -->
<testsuite hostname="SDGL691" name="com.rediff.testcases.LoginTest" tests="9" failures="0" timestamp="22 Sep 2014 11:36:31 GMT" time="44.071" errors="0">
  <testcase name="wrongUserNameRightPasswordLoginTest" time="2.715" classname="com.rediff.testcases.LoginTest"/>
  <testcase name="wrongUserNameBlankPasswordLoginTest" time="2.854" classname="com.rediff.testcases.LoginTest"/>
  <testcase name="blankUserNameBlankPasswordLoginTest" time="3.082" classname="com.rediff.testcases.LoginTest"/>
  <testcase name="wrongUserNameWrongPasswordLoginTest" time="3.943" classname="com.rediff.testcases.LoginTest"/>
  <testcase name="blankUserNameWrongPasswordLoginTest" time="10.163" classname="com.rediff.testcases.LoginTest"/>
  <testcase name="blankUserNameRightPasswordLoginTest" time="2.793" classname="com.rediff.testcases.LoginTest"/>
  <testcase name="rightUserNameWrongPasswordLoginTest" time="4.882" classname="com.rediff.testcases.LoginTest"/>
  <testcase name="sucessfullLoginTest" time="3.620" classname="com.rediff.testcases.LoginTest"/>
  <testcase name="rightUserNameBlankPasswordLoginTest" time="10.019" classname="com.rediff.testcases.LoginTest"/>
</testsuite> <!-- com.rediff.testcases.LoginTest -->
