<?xml version="1.0" encoding="UTF-8"?>
<!-- Generated by org.testng.reporters.JUnitReportReporter -->
<testsuite hostname="SDGL691" name="com.testcases.Test3" tests="1" failures="0" timestamp="11 Sep 2014 16:50:57 GMT" time="16.424" errors="0">
  <testcase name="test3" time="16.424" classname="com.testcases.Test3"/>
</testsuite> <!-- com.testcases.Test3 -->
