<?xml version="1.0" encoding="UTF-8"?>
<!-- Generated by org.testng.reporters.JUnitReportReporter -->
<testsuite hostname="SDGL691" name="com.rediff.testcases.LoginTest" tests="9" failures="0" timestamp="30 Sep 2014 11:57:30 GMT" time="256.988" errors="0">
  <testcase name="wrongUserNameRightPasswordLoginTest" time="144.731" classname="com.rediff.testcases.LoginTest"/>
  <testcase name="rightUserNameBlankPasswordLoginTest" time="12.849" classname="com.rediff.testcases.LoginTest"/>
  <testcase name="blankUserNameRightPasswordLoginTest" time="5.041" classname="com.rediff.testcases.LoginTest"/>
  <testcase name="wrongUserNameWrongPasswordLoginTest" time="3.207" classname="com.rediff.testcases.LoginTest"/>
  <testcase name="sucessfullLoginTest" time="5.361" classname="com.rediff.testcases.LoginTest"/>
  <testcase name="blankUserNameWrongPasswordLoginTest" time="53.217" classname="com.rediff.testcases.LoginTest"/>
  <testcase name="wrongUserNameBlankPasswordLoginTest" time="21.888" classname="com.rediff.testcases.LoginTest"/>
  <testcase name="blankUserNameBlankPasswordLoginTest" time="5.710" classname="com.rediff.testcases.LoginTest"/>
  <testcase name="rightUserNameWrongPasswordLoginTest" time="4.984" classname="com.rediff.testcases.LoginTest"/>
</testsuite> <!-- com.rediff.testcases.LoginTest -->
