<?xml version="1.0" encoding="UTF-8"?>
<!-- Generated by org.testng.reporters.JUnitReportReporter -->
<testsuite hostname="SDGL691" name="GridTest.QuickTestLinFF" tests="1" failures="0" timestamp="11 Sep 2014 14:34:09 GMT" time="48.477" errors="0">
  <testcase name="linuxTest" time="48.477" classname="GridTest.QuickTestLinFF"/>
</testsuite> <!-- GridTest.QuickTestLinFF -->
