<?xml version="1.0" encoding="UTF-8"?>
<!-- Generated by org.testng.reporters.JUnitReportReporter -->
<testsuite hostname="SDGL691" name="GridTest.Test1" tests="4" failures="0" timestamp="11 Sep 2014 14:34:09 GMT" time="12.464" errors="0">
  <testcase name="test1_4" time="2.031" classname="GridTest.Test1"/>
  <testcase name="test1" time="7.194" classname="GridTest.Test1"/>
  <testcase name="test1_3" time="1.715" classname="GridTest.Test1"/>
  <testcase name="test1_2" time="1.524" classname="GridTest.Test1"/>
</testsuite> <!-- GridTest.Test1 -->
