<?xml version="1.0" encoding="UTF-8"?>
<!-- Generated by org.testng.reporters.JUnitReportReporter -->
<testsuite hostname="SDGL691" name="com.datadriven.Random" tests="1" failures="0" timestamp="29 Aug 2014 03:19:31 GMT" time="0.017" errors="0">
  <testcase name="testApp" time="0.017" classname="com.datadriven.Random"/>
</testsuite> <!-- com.datadriven.Random -->
