<?xml version="1.0" encoding="UTF-8"?>
<!-- Generated by org.testng.reporters.JUnitReportReporter -->
<testsuite hostname="SDGL691" name="com.rediff.testcases.RandomTest" tests="3" failures="0" timestamp="17 Sep 2014 15:54:33 GMT" time="0.819" errors="0">
  <testcase name="testApp1" time="0.774" classname="com.rediff.testcases.RandomTest"/>
  <testcase name="testApp3" time="0.020" classname="com.rediff.testcases.RandomTest"/>
  <testcase name="testApp2" time="0.025" classname="com.rediff.testcases.RandomTest"/>
</testsuite> <!-- com.rediff.testcases.RandomTest -->
