<?xml version="1.0" encoding="UTF-8"?>
<!-- Generated by org.testng.reporters.JUnitReportReporter -->
<testsuite hostname="SDGL691" name="com.testcases.Test4" tests="1" failures="0" timestamp="11 Sep 2014 16:50:57 GMT" time="30.292" errors="0">
  <testcase name="test4" time="30.292" classname="com.testcases.Test4"/>
</testsuite> <!-- com.testcases.Test4 -->
