<?xml version="1.0" encoding="UTF-8"?>
<!-- Generated by org.testng.reporters.JUnitReportReporter -->
<testsuite hostname="SDGL691" name="com.rediff.testcases.Test3" tests="1" failures="0" timestamp="17 Sep 2014 06:03:12 GMT" time="67.991" errors="0">
  <testcase name="test3" time="67.991" classname="com.rediff.testcases.Test3"/>
</testsuite> <!-- com.rediff.testcases.Test3 -->
