<?xml version="1.0" encoding="UTF-8"?>
<!-- Generated by org.testng.reporters.JUnitReportReporter -->
<testsuite hostname="SDGL691" name="com.rediff.testcases.LoginTest" tests="9" failures="0" timestamp="22 Sep 2014 14:30:36 GMT" time="157.883" errors="0">
  <testcase name="blankUserNameWrongPasswordLoginTest" time="43.403" classname="com.rediff.testcases.LoginTest"/>
  <testcase name="blankUserNameBlankPasswordLoginTest" time="25.631" classname="com.rediff.testcases.LoginTest"/>
  <testcase name="sucessfullLoginTest" time="4.584" classname="com.rediff.testcases.LoginTest"/>
  <testcase name="blankUserNameRightPasswordLoginTest" time="12.599" classname="com.rediff.testcases.LoginTest"/>
  <testcase name="rightUserNameBlankPasswordLoginTest" time="11.779" classname="com.rediff.testcases.LoginTest"/>
  <testcase name="wrongUserNameRightPasswordLoginTest" time="30.945" classname="com.rediff.testcases.LoginTest"/>
  <testcase name="rightUserNameWrongPasswordLoginTest" time="5.203" classname="com.rediff.testcases.LoginTest"/>
  <testcase name="wrongUserNameBlankPasswordLoginTest" time="19.930" classname="com.rediff.testcases.LoginTest"/>
  <testcase name="wrongUserNameWrongPasswordLoginTest" time="3.809" classname="com.rediff.testcases.LoginTest"/>
</testsuite> <!-- com.rediff.testcases.LoginTest -->
